<?xml version="1.0" encoding="UTF-8"?>
<testsuite xmlns:xsi="http://www.w3.org/2001/XMLSchema-instance" xsi:noNamespaceSchemaLocation="https://maven.apache.org/surefire/maven-surefire-plugin/xsd/surefire-test-report.xsd" version="3.0.2" name="ba.edu.ibu.aitodo.rest.controller.TaskControllerTest" time="0.602" tests="5" errors="0" skipped="0" failures="4">
  <properties>
[...]
</properties>
  <testcase name="deleteTask_ShouldReturnNoContent" classname="ba.edu.ibu.aitodo.rest.controller.TaskControllerTest" time="0.096">
    <system-out><![CDATA[
  .   ____          _            __ _ _
 /\\ / ___'_ __ _ _(_)_ __  __ _ \ \ \ \
( ( )\___ | '_ | '_| | '_ \/ _` | \ \ \ \
 \\/  ___)| |_)| | | | | || (_| |  ) ) ) )
  '  |____| .__|_| |_|_| |_\__, | / / / /
 =========|_|==============|___/=/_/_/_/

 :: Spring Boot ::                (v3.4.0)

2024-12-11T13:45:18.089+01:00  INFO 22088 --- [           main] b.e.i.a.r.controller.TaskControllerTest  : Starting TaskControllerTest using Java 23.0.1 with PID 22088 (started by becir in /Users/becir/Desktop/ai-todo)
2024-12-11T13:45:18.089+01:00  INFO 22088 --- [           main] b.e.i.a.r.controller.TaskControllerTest  : No active profile set, falling back to 1 default profile: "default"
2024-12-11T13:45:18.261+01:00  INFO 22088 --- [           main] o.s.b.t.m.w.SpringBootMockServletContext : Initializing Spring TestDispatcherServlet ''
2024-12-11T13:45:18.262+01:00  INFO 22088 --- [           main] o.s.t.web.servlet.TestDispatcherServlet  : Initializing Servlet ''
2024-12-11T13:45:18.263+01:00  INFO 22088 --- [           main] o.s.t.web.servlet.TestDispatcherServlet  : Completed initialization in 0 ms
2024-12-11T13:45:18.279+01:00  INFO 22088 --- [           main] b.e.i.a.r.controller.TaskControllerTest  : Started TaskControllerTest in 0.216 seconds (process running for 7.056)
]]></system-out>
  </testcase>
  <testcase name="getAllTasks_ShouldReturnTasks" classname="ba.edu.ibu.aitodo.rest.controller.TaskControllerTest" time="0.05">
    <failure message="No value at JSON path &quot;$[0].id&quot;" type="java.lang.AssertionError"><![CDATA[java.lang.AssertionError: No value at JSON path "$[0].id"
	at org.springframework.test.util.JsonPathExpectationsHelper.evaluateJsonPath(JsonPathExpectationsHelper.java:351)
	at org.springframework.test.util.JsonPathExpectationsHelper.assertValue(JsonPathExpectationsHelper.java:148)
	at org.springframework.test.web.servlet.result.JsonPathResultMatchers.lambda$value$2(JsonPathResultMatchers.java:112)
	at org.springframework.test.web.servlet.MockMvc$1.andExpect(MockMvc.java:214)
	at ba.edu.ibu.aitodo.rest.controller.TaskControllerTest.getAllTasks_ShouldReturnTasks(TaskControllerTest.java:70)
	at java.base/java.lang.reflect.Method.invoke(Method.java:580)
	at java.base/java.util.ArrayList.forEach(ArrayList.java:1597)
	at java.base/java.util.ArrayList.forEach(ArrayList.java:1597)
Caused by: com.jayway.jsonpath.PathNotFoundException: No results for path: $[0]['id']
]]></failure>
    <system-out><![CDATA[
MockHttpServletRequest:
      HTTP Method = GET
      Request URI = /api/tasks
       Parameters = {}
          Headers = []
             Body = null
    Session Attrs = {}

Handler:
             Type = ba.edu.ibu.aitodo.rest.controller.TaskController
           Method = ba.edu.ibu.aitodo.rest.controller.TaskController#getAllTasks()

Async:
    Async started = false
     Async result = null

Resolved Exception:
             Type = null

ModelAndView:
        View name = null
             View = null
            Model = null

FlashMap:
       Attributes = null

MockHttpServletResponse:
           Status = 200
    Error message = null
          Headers = [Content-Type:"application/json"]
     Content type = application/json
             Body = []
    Forwarded URL = null
   Redirected URL = null
          Cookies = []
]]></system-out>
  </testcase>
  <testcase name="updateTask_ShouldReturnUpdatedTask" classname="ba.edu.ibu.aitodo.rest.controller.TaskControllerTest" time="0.063">
    <failure message="No value at JSON path &quot;$.title&quot;" type="java.lang.AssertionError"><![CDATA[java.lang.AssertionError: No value at JSON path "$.title"
	at org.springframework.test.util.JsonPathExpectationsHelper.evaluateJsonPath(JsonPathExpectationsHelper.java:351)
	at org.springframework.test.util.JsonPathExpectationsHelper.assertValue(JsonPathExpectationsHelper.java:148)
	at org.springframework.test.web.servlet.result.JsonPathResultMatchers.lambda$value$2(JsonPathResultMatchers.java:112)
	at org.springframework.test.web.servlet.MockMvc$1.andExpect(MockMvc.java:214)
	at ba.edu.ibu.aitodo.rest.controller.TaskControllerTest.updateTask_ShouldReturnUpdatedTask(TaskControllerTest.java:121)
	at java.base/java.lang.reflect.Method.invoke(Method.java:580)
	at java.base/java.util.ArrayList.forEach(ArrayList.java:1597)
	at java.base/java.util.ArrayList.forEach(ArrayList.java:1597)
Caused by: java.lang.IllegalArgumentException: json can not be null or empty
	at com.jayway.jsonpath.internal.Utils.notEmpty(Utils.java:401)
	at com.jayway.jsonpath.JsonPath.read(JsonPath.java:390)
	at org.springframework.test.util.JsonPathExpectationsHelper.evaluateJsonPath(JsonPathExpectationsHelper.java:348)
	... 7 more
]]></failure>
    <system-out><![CDATA[
MockHttpServletRequest:
      HTTP Method = PUT
      Request URI = /api/tasks/1
       Parameters = {}
          Headers = [Content-Type:"application/json;charset=UTF-8", Content-Length:"60"]
             Body = {"title":"Updated Task","description":"Updated Description"}
    Session Attrs = {}

Handler:
             Type = ba.edu.ibu.aitodo.rest.controller.TaskController
           Method = ba.edu.ibu.aitodo.rest.controller.TaskController#updateTask(Long, Task)

Async:
    Async started = false
     Async result = null

Resolved Exception:
             Type = null

ModelAndView:
        View name = null
             View = null
            Model = null

FlashMap:
       Attributes = null

MockHttpServletResponse:
           Status = 200
    Error message = null
          Headers = []
     Content type = null
             Body = 
    Forwarded URL = null
   Redirected URL = null
          Cookies = []
]]></system-out>
  </testcase>
  <testcase name="createTask_ShouldReturnCreatedTask" classname="ba.edu.ibu.aitodo.rest.controller.TaskControllerTest" time="0.009">
    <failure message="Status expected:&lt;200&gt; but was:&lt;405&gt;" type="java.lang.AssertionError"><![CDATA[java.lang.AssertionError: Status expected:<200> but was:<405>
	at org.springframework.test.util.AssertionErrors.fail(AssertionErrors.java:61)
	at org.springframework.test.util.AssertionErrors.assertEquals(AssertionErrors.java:128)
	at org.springframework.test.web.servlet.result.StatusResultMatchers.lambda$matcher$9(StatusResultMatchers.java:640)
	at org.springframework.test.web.servlet.MockMvc$1.andExpect(MockMvc.java:214)
	at ba.edu.ibu.aitodo.rest.controller.TaskControllerTest.createTask_ShouldReturnCreatedTask(TaskControllerTest.java:107)
	at java.base/java.lang.reflect.Method.invoke(Method.java:580)
	at java.base/java.util.ArrayList.forEach(ArrayList.java:1597)
	at java.base/java.util.ArrayList.forEach(ArrayList.java:1597)
]]></failure>
    <system-out><![CDATA[2024-12-11T13:45:18.503+01:00  WARN 22088 --- [           main] .w.s.m.s.DefaultHandlerExceptionResolver : Resolved [org.springframework.web.HttpRequestMethodNotSupportedException: Request method 'POST' is not supported]

MockHttpServletRequest:
      HTTP Method = POST
      Request URI = /api/tasks
       Parameters = {email=[user@example.com]}
          Headers = [Content-Type:"application/json;charset=UTF-8", Content-Length:"91"]
             Body = {"title":"Test Task","description":"Test Description","priority":"High","status":"Ongoing"}
    Session Attrs = {}

Handler:
             Type = null

Async:
    Async started = false
     Async result = null

Resolved Exception:
             Type = org.springframework.web.HttpRequestMethodNotSupportedException

ModelAndView:
        View name = null
             View = null
            Model = null

FlashMap:
       Attributes = null

MockHttpServletResponse:
           Status = 405
    Error message = Method 'POST' is not supported.
          Headers = [Allow:"GET"]
     Content type = null
             Body = 
    Forwarded URL = null
   Redirected URL = null
          Cookies = []
]]></system-out>
  </testcase>
  <testcase name="getTasksByUserEmail_ShouldReturnTasks" classname="ba.edu.ibu.aitodo.rest.controller.TaskControllerTest" time="0.016">
    <failure message="No value at JSON path &quot;$[0].title&quot;" type="java.lang.AssertionError"><![CDATA[java.lang.AssertionError: No value at JSON path "$[0].title"
	at org.springframework.test.util.JsonPathExpectationsHelper.evaluateJsonPath(JsonPathExpectationsHelper.java:351)
	at org.springframework.test.util.JsonPathExpectationsHelper.assertValue(JsonPathExpectationsHelper.java:148)
	at org.springframework.test.web.servlet.result.JsonPathResultMatchers.lambda$value$2(JsonPathResultMatchers.java:112)
	at org.springframework.test.web.servlet.MockMvc$1.andExpect(MockMvc.java:214)
	at ba.edu.ibu.aitodo.rest.controller.TaskControllerTest.getTasksByUserEmail_ShouldReturnTasks(TaskControllerTest.java:82)
	at java.base/java.lang.reflect.Method.invoke(Method.java:580)
	at java.base/java.util.ArrayList.forEach(ArrayList.java:1597)
	at java.base/java.util.ArrayList.forEach(ArrayList.java:1597)
Caused by: com.jayway.jsonpath.PathNotFoundException: No results for path: $[0]['title']
]]></failure>
    <system-out><![CDATA[
MockHttpServletRequest:
      HTTP Method = GET
      Request URI = /api/tasks/email/user@example.com
       Parameters = {}
          Headers = []
             Body = null
    Session Attrs = {}

Handler:
             Type = ba.edu.ibu.aitodo.rest.controller.TaskController
           Method = ba.edu.ibu.aitodo.rest.controller.TaskController#getTasksByUserEmail(String)

Async:
    Async started = false
     Async result = null

Resolved Exception:
             Type = null

ModelAndView:
        View name = null
             View = null
            Model = null

FlashMap:
       Attributes = null

MockHttpServletResponse:
           Status = 200
    Error message = null
          Headers = [Content-Disposition:"inline;filename=f.txt", Content-Type:"application/json"]
     Content type = application/json
             Body = []
    Forwarded URL = null
   Redirected URL = null
          Cookies = []
]]></system-out>
  </testcase>
</testsuite>